DEBUG - 2025-11-04 13:29:19 --> Session: Class initialized using 'CodeIgniter\Session\Handlers\FileHandler' driver.
DEBUG - 2025-11-04 13:29:38 --> Session: Class initialized using 'CodeIgniter\Session\Handlers\FileHandler' driver.
DEBUG - 2025-11-04 13:29:38 --> Session: Class initialized using 'CodeIgniter\Session\Handlers\FileHandler' driver.
DEBUG - 2025-11-04 13:29:43 --> Session: Class initialized using 'CodeIgniter\Session\Handlers\FileHandler' driver.
DEBUG - 2025-11-04 13:29:44 --> Session: Class initialized using 'CodeIgniter\Session\Handlers\FileHandler' driver.
DEBUG - 2025-11-04 13:31:57 --> Session: Class initialized using 'CodeIgniter\Session\Handlers\FileHandler' driver.
DEBUG - 2025-11-04 13:32:00 --> Session: Class initialized using 'CodeIgniter\Session\Handlers\FileHandler' driver.
DEBUG - 2025-11-04 13:32:01 --> Session: Class initialized using 'CodeIgniter\Session\Handlers\FileHandler' driver.
DEBUG - 2025-11-04 15:21:34 --> Session: Class initialized using 'CodeIgniter\Session\Handlers\FileHandler' driver.
DEBUG - 2025-11-04 15:21:44 --> Session: Class initialized using 'CodeIgniter\Session\Handlers\FileHandler' driver.
DEBUG - 2025-11-04 15:21:44 --> Session: Class initialized using 'CodeIgniter\Session\Handlers\FileHandler' driver.
DEBUG - 2025-11-04 15:21:48 --> Session: Class initialized using 'CodeIgniter\Session\Handlers\FileHandler' driver.
DEBUG - 2025-11-04 15:21:51 --> Session: Class initialized using 'CodeIgniter\Session\Handlers\FileHandler' driver.
DEBUG - 2025-11-04 15:21:53 --> Session: Class initialized using 'CodeIgniter\Session\Handlers\FileHandler' driver.
DEBUG - 2025-11-04 15:21:54 --> Session: Class initialized using 'CodeIgniter\Session\Handlers\FileHandler' driver.
DEBUG - 2025-11-04 15:21:54 --> Session: Class initialized using 'CodeIgniter\Session\Handlers\FileHandler' driver.
DEBUG - 2025-11-04 15:21:59 --> Session: Class initialized using 'CodeIgniter\Session\Handlers\FileHandler' driver.
DEBUG - 2025-11-04 15:22:00 --> Session: Class initialized using 'CodeIgniter\Session\Handlers\FileHandler' driver.
DEBUG - 2025-11-04 15:22:02 --> Session: Class initialized using 'CodeIgniter\Session\Handlers\FileHandler' driver.
CRITICAL - 2025-11-04 15:22:02 --> TypeError: App\Libraries\Gsb_lib::get_annee_from_anneemois(): Argument #1 ($annee_mois) must be of type string, null given, called in Z:\BTS2\Informatique\AP\PITON\Mission 4\GSBFrais-V2\app\Models\GsbModel.php on line 125
[Method: GET, Route: gererfrais]
in APPPATH\Libraries\Gsb_lib.php on line 29.
 1 APPPATH\Models\GsbModel.php(125): App\Libraries\Gsb_lib->get_annee_from_anneemois(null)
 2 APPPATH\Controllers\Gererfrais.php(45): App\Models\GsbModel->cree_nouvelles_lignes_frais(null, '2025', '11')
 3 SYSTEMPATH\CodeIgniter.php(933): App\Controllers\Gererfrais->index()
 4 SYSTEMPATH\CodeIgniter.php(507): CodeIgniter\CodeIgniter->runController(Object(App\Controllers\Gererfrais))
 5 SYSTEMPATH\CodeIgniter.php(354): CodeIgniter\CodeIgniter->handleRequest(null, Object(Config\Cache), false)
 6 SYSTEMPATH\Boot.php(363): CodeIgniter\CodeIgniter->run()
 7 SYSTEMPATH\Boot.php(68): CodeIgniter\Boot::runCodeIgniter(Object(CodeIgniter\CodeIgniter))
 8 FCPATH\index.php(59): CodeIgniter\Boot::bootWeb(Object(Config\Paths))
 9 SYSTEMPATH\rewrite.php(44): require_once('Z:\\BTS2\\Informatique\\AP\\PITON\\Mission 4\\GSBFrais-V2\\public\\index.php')
DEBUG - 2025-11-04 15:28:05 --> Session: Class initialized using 'CodeIgniter\Session\Handlers\FileHandler' driver.
CRITICAL - 2025-11-04 15:28:06 --> TypeError: App\Libraries\Gsb_lib::get_annee_from_anneemois(): Argument #1 ($annee_mois) must be of type string, null given, called in Z:\BTS2\Informatique\AP\PITON\Mission 4\GSBFrais-V2\app\Models\GsbModel.php on line 125
[Method: GET, Route: gererfrais]
in APPPATH\Libraries\Gsb_lib.php on line 29.
 1 APPPATH\Models\GsbModel.php(125): App\Libraries\Gsb_lib->get_annee_from_anneemois(null)
 2 APPPATH\Controllers\Gererfrais.php(45): App\Models\GsbModel->cree_nouvelles_lignes_frais(null, '2025', '11')
 3 SYSTEMPATH\CodeIgniter.php(933): App\Controllers\Gererfrais->index()
 4 SYSTEMPATH\CodeIgniter.php(507): CodeIgniter\CodeIgniter->runController(Object(App\Controllers\Gererfrais))
 5 SYSTEMPATH\CodeIgniter.php(354): CodeIgniter\CodeIgniter->handleRequest(null, Object(Config\Cache), false)
 6 SYSTEMPATH\Boot.php(363): CodeIgniter\CodeIgniter->run()
 7 SYSTEMPATH\Boot.php(68): CodeIgniter\Boot::runCodeIgniter(Object(CodeIgniter\CodeIgniter))
 8 FCPATH\index.php(59): CodeIgniter\Boot::bootWeb(Object(Config\Paths))
 9 SYSTEMPATH\rewrite.php(44): require_once('Z:\\BTS2\\Informatique\\AP\\PITON\\Mission 4\\GSBFrais-V2\\public\\index.php')
DEBUG - 2025-11-04 15:28:08 --> Session: Class initialized using 'CodeIgniter\Session\Handlers\FileHandler' driver.
DEBUG - 2025-11-04 15:28:12 --> Session: Class initialized using 'CodeIgniter\Session\Handlers\FileHandler' driver.
DEBUG - 2025-11-04 15:28:14 --> Session: Class initialized using 'CodeIgniter\Session\Handlers\FileHandler' driver.
CRITICAL - 2025-11-04 15:28:14 --> TypeError: App\Libraries\Gsb_lib::get_annee_from_anneemois(): Argument #1 ($annee_mois) must be of type string, null given, called in Z:\BTS2\Informatique\AP\PITON\Mission 4\GSBFrais-V2\app\Models\GsbModel.php on line 125
[Method: GET, Route: gererfrais]
in APPPATH\Libraries\Gsb_lib.php on line 29.
 1 APPPATH\Models\GsbModel.php(125): App\Libraries\Gsb_lib->get_annee_from_anneemois(null)
 2 APPPATH\Controllers\Gererfrais.php(45): App\Models\GsbModel->cree_nouvelles_lignes_frais(null, '2025', '11')
 3 SYSTEMPATH\CodeIgniter.php(933): App\Controllers\Gererfrais->index()
 4 SYSTEMPATH\CodeIgniter.php(507): CodeIgniter\CodeIgniter->runController(Object(App\Controllers\Gererfrais))
 5 SYSTEMPATH\CodeIgniter.php(354): CodeIgniter\CodeIgniter->handleRequest(null, Object(Config\Cache), false)
 6 SYSTEMPATH\Boot.php(363): CodeIgniter\CodeIgniter->run()
 7 SYSTEMPATH\Boot.php(68): CodeIgniter\Boot::runCodeIgniter(Object(CodeIgniter\CodeIgniter))
 8 FCPATH\index.php(59): CodeIgniter\Boot::bootWeb(Object(Config\Paths))
 9 SYSTEMPATH\rewrite.php(44): require_once('Z:\\BTS2\\Informatique\\AP\\PITON\\Mission 4\\GSBFrais-V2\\public\\index.php')
DEBUG - 2025-11-04 15:28:18 --> Session: Class initialized using 'CodeIgniter\Session\Handlers\FileHandler' driver.
DEBUG - 2025-11-04 15:28:37 --> Session: Class initialized using 'CodeIgniter\Session\Handlers\FileHandler' driver.
DEBUG - 2025-11-04 15:28:42 --> Session: Class initialized using 'CodeIgniter\Session\Handlers\FileHandler' driver.
