DEBUG - 2025-11-10 12:33:38 --> Session: Class initialized using 'CodeIgniter\Session\Handlers\FileHandler' driver.
DEBUG - 2025-11-10 12:33:54 --> Session: Class initialized using 'CodeIgniter\Session\Handlers\FileHandler' driver.
DEBUG - 2025-11-10 12:33:55 --> Session: Class initialized using 'CodeIgniter\Session\Handlers\FileHandler' driver.
CRITICAL - 2025-11-10 12:33:55 --> ErrorException: Undefined variable $listemenus
[Method: GET, Route: accueil]
in APPPATH\Views\sommaire.php on line 20.
 1 APPPATH\Views\sommaire.php(20): CodeIgniter\Debug\Exceptions->errorHandler(2, 'Undefined variable $listemenus', 'Z:\\BTS2\\Informatique\\AP\\PITON\\Mission 4\\GSBFrais-V2\\app\\Views\\sommaire.php', 20)
 2 SYSTEMPATH\View\View.php(226): include('Z:\\BTS2\\Informatique\\AP\\PITON\\Mission 4\\GSBFrais-V2\\app\\Views\\sommaire.php')
 3 SYSTEMPATH\View\View.php(229): CodeIgniter\View\View->CodeIgniter\View\{closure}()
 4 SYSTEMPATH\Common.php(1167): CodeIgniter\View\View->render('sommaire', [], true)
 5 APPPATH\Controllers\Accueil.php(28): view('sommaire')
 6 SYSTEMPATH\CodeIgniter.php(933): App\Controllers\Accueil->index()
 7 SYSTEMPATH\CodeIgniter.php(507): CodeIgniter\CodeIgniter->runController(Object(App\Controllers\Accueil))
 8 SYSTEMPATH\CodeIgniter.php(354): CodeIgniter\CodeIgniter->handleRequest(null, Object(Config\Cache), false)
 9 SYSTEMPATH\Boot.php(363): CodeIgniter\CodeIgniter->run()
10 SYSTEMPATH\Boot.php(68): CodeIgniter\Boot::runCodeIgniter(Object(CodeIgniter\CodeIgniter))
11 FCPATH\index.php(59): CodeIgniter\Boot::bootWeb(Object(Config\Paths))
12 SYSTEMPATH\rewrite.php(44): require_once('Z:\\BTS2\\Informatique\\AP\\PITON\\Mission 4\\GSBFrais-V2\\public\\index.php')
DEBUG - 2025-11-10 12:39:59 --> Session: Class initialized using 'CodeIgniter\Session\Handlers\FileHandler' driver.
DEBUG - 2025-11-10 12:40:03 --> Session: Class initialized using 'CodeIgniter\Session\Handlers\FileHandler' driver.
DEBUG - 2025-11-10 12:40:04 --> Session: Class initialized using 'CodeIgniter\Session\Handlers\FileHandler' driver.
DEBUG - 2025-11-10 12:40:08 --> Session: Class initialized using 'CodeIgniter\Session\Handlers\FileHandler' driver.
DEBUG - 2025-11-10 12:40:10 --> Session: Class initialized using 'CodeIgniter\Session\Handlers\FileHandler' driver.
DEBUG - 2025-11-10 12:40:14 --> Session: Class initialized using 'CodeIgniter\Session\Handlers\FileHandler' driver.
