DEBUG - 2025-11-13 07:57:14 --> Session: Class initialized using 'CodeIgniter\Session\Handlers\FileHandler' driver.
ERROR - 2025-11-13 07:57:27 --> mysqli_sql_exception: Unknown column 'mdp' in 'where clause' in Z:\BTS2\Informatique\AP\PITON\Mission 4\GSBFrais-V2\system\Database\MySQLi\Connection.php:327
Stack trace:
#0 Z:\BTS2\Informatique\AP\PITON\Mission 4\GSBFrais-V2\system\Database\MySQLi\Connection.php(327): mysqli->query('SELECT *\nFROM `...', 0)
#1 Z:\BTS2\Informatique\AP\PITON\Mission 4\GSBFrais-V2\system\Database\BaseConnection.php(729): CodeIgniter\Database\MySQLi\Connection->execute('SELECT *\nFROM `...')
#2 Z:\BTS2\Informatique\AP\PITON\Mission 4\GSBFrais-V2\system\Database\BaseConnection.php(646): CodeIgniter\Database\BaseConnection->simpleQuery('SELECT *\nFROM `...')
#3 Z:\BTS2\Informatique\AP\PITON\Mission 4\GSBFrais-V2\system\Database\BaseBuilder.php(1649): CodeIgniter\Database\BaseConnection->query('SELECT *\nFROM `...', Array, false)
#4 Z:\BTS2\Informatique\AP\PITON\Mission 4\GSBFrais-V2\app\Models\GsbModel.php(17): CodeIgniter\Database\BaseBuilder->get()
#5 Z:\BTS2\Informatique\AP\PITON\Mission 4\GSBFrais-V2\app\Controllers\Connexion.php(52): App\Models\GsbModel->get_infos_utilisateur('lvillachane', 'jux7g')
#6 Z:\BTS2\Informatique\AP\PITON\Mission 4\GSBFrais-V2\system\CodeIgniter.php(933): App\Controllers\Connexion->valider()
#7 Z:\BTS2\Informatique\AP\PITON\Mission 4\GSBFrais-V2\system\CodeIgniter.php(507): CodeIgniter\CodeIgniter->runController(Object(App\Controllers\Connexion))
#8 Z:\BTS2\Informatique\AP\PITON\Mission 4\GSBFrais-V2\system\CodeIgniter.php(354): CodeIgniter\CodeIgniter->handleRequest(NULL, Object(Config\Cache), false)
#9 Z:\BTS2\Informatique\AP\PITON\Mission 4\GSBFrais-V2\system\Boot.php(363): CodeIgniter\CodeIgniter->run()
#10 Z:\BTS2\Informatique\AP\PITON\Mission 4\GSBFrais-V2\system\Boot.php(68): CodeIgniter\Boot::runCodeIgniter(Object(CodeIgniter\CodeIgniter))
#11 Z:\BTS2\Informatique\AP\PITON\Mission 4\GSBFrais-V2\public\index.php(59): CodeIgniter\Boot::bootWeb(Object(Config\Paths))
#12 Z:\BTS2\Informatique\AP\PITON\Mission 4\GSBFrais-V2\system\rewrite.php(44): require_once('Z:\\BTS2\\Informa...')
#13 {main}
CRITICAL - 2025-11-13 07:57:27 --> CodeIgniter\Database\Exceptions\DatabaseException: Unknown column 'mdp' in 'where clause'
[Method: POST, Route: connexion/valider]
in SYSTEMPATH\Database\BaseConnection.php on line 684.
 1 SYSTEMPATH\Database\BaseBuilder.php(1649): CodeIgniter\Database\BaseConnection->query('SELECT *
FROM `infos_utilisateur`
WHERE `login` = :login:
AND `mdp` = :mdp:', [...], false)
 2 APPPATH\Models\GsbModel.php(17): CodeIgniter\Database\BaseBuilder->get()
 3 APPPATH\Controllers\Connexion.php(52): App\Models\GsbModel->get_infos_utilisateur('lvillachane', 'jux7g')
 4 SYSTEMPATH\CodeIgniter.php(933): App\Controllers\Connexion->valider()
 5 SYSTEMPATH\CodeIgniter.php(507): CodeIgniter\CodeIgniter->runController(Object(App\Controllers\Connexion))
 6 SYSTEMPATH\CodeIgniter.php(354): CodeIgniter\CodeIgniter->handleRequest(null, Object(Config\Cache), false)
 7 SYSTEMPATH\Boot.php(363): CodeIgniter\CodeIgniter->run()
 8 SYSTEMPATH\Boot.php(68): CodeIgniter\Boot::runCodeIgniter(Object(CodeIgniter\CodeIgniter))
 9 FCPATH\index.php(59): CodeIgniter\Boot::bootWeb(Object(Config\Paths))
10 SYSTEMPATH\rewrite.php(44): require_once('Z:\\BTS2\\Informatique\\AP\\PITON\\Mission 4\\GSBFrais-V2\\public\\index.php')
CRITICAL - 2025-11-13 07:57:28 --> [Caused by] CodeIgniter\Database\Exceptions\DatabaseException: Unknown column 'mdp' in 'where clause'
in SYSTEMPATH\Database\MySQLi\Connection.php on line 332.
 1 SYSTEMPATH\Database\BaseConnection.php(729): CodeIgniter\Database\MySQLi\Connection->execute('SELECT *
FROM `infos_utilisateur`
WHERE `login` = \'lvillachane\'
AND `mdp` = \'jux7g\'')
 2 SYSTEMPATH\Database\BaseConnection.php(646): CodeIgniter\Database\BaseConnection->simpleQuery('SELECT *
FROM `infos_utilisateur`
WHERE `login` = \'lvillachane\'
AND `mdp` = \'jux7g\'')
 3 SYSTEMPATH\Database\BaseBuilder.php(1649): CodeIgniter\Database\BaseConnection->query('SELECT *
FROM `infos_utilisateur`
WHERE `login` = :login:
AND `mdp` = :mdp:', [...], false)
 4 APPPATH\Models\GsbModel.php(17): CodeIgniter\Database\BaseBuilder->get()
 5 APPPATH\Controllers\Connexion.php(52): App\Models\GsbModel->get_infos_utilisateur('lvillachane', 'jux7g')
 6 SYSTEMPATH\CodeIgniter.php(933): App\Controllers\Connexion->valider()
 7 SYSTEMPATH\CodeIgniter.php(507): CodeIgniter\CodeIgniter->runController(Object(App\Controllers\Connexion))
 8 SYSTEMPATH\CodeIgniter.php(354): CodeIgniter\CodeIgniter->handleRequest(null, Object(Config\Cache), false)
 9 SYSTEMPATH\Boot.php(363): CodeIgniter\CodeIgniter->run()
10 SYSTEMPATH\Boot.php(68): CodeIgniter\Boot::runCodeIgniter(Object(CodeIgniter\CodeIgniter))
11 FCPATH\index.php(59): CodeIgniter\Boot::bootWeb(Object(Config\Paths))
12 SYSTEMPATH\rewrite.php(44): require_once('Z:\\BTS2\\Informatique\\AP\\PITON\\Mission 4\\GSBFrais-V2\\public\\index.php')
CRITICAL - 2025-11-13 07:57:28 --> [Caused by] mysqli_sql_exception: Unknown column 'mdp' in 'where clause'
in SYSTEMPATH\Database\MySQLi\Connection.php on line 327.
 1 SYSTEMPATH\Database\MySQLi\Connection.php(327): mysqli->query('SELECT *
FROM `infos_utilisateur`
WHERE `login` = \'lvillachane\'
AND `mdp` = \'jux7g\'', 0)
 2 SYSTEMPATH\Database\BaseConnection.php(729): CodeIgniter\Database\MySQLi\Connection->execute('SELECT *
FROM `infos_utilisateur`
WHERE `login` = \'lvillachane\'
AND `mdp` = \'jux7g\'')
 3 SYSTEMPATH\Database\BaseConnection.php(646): CodeIgniter\Database\BaseConnection->simpleQuery('SELECT *
FROM `infos_utilisateur`
WHERE `login` = \'lvillachane\'
AND `mdp` = \'jux7g\'')
 4 SYSTEMPATH\Database\BaseBuilder.php(1649): CodeIgniter\Database\BaseConnection->query('SELECT *
FROM `infos_utilisateur`
WHERE `login` = :login:
AND `mdp` = :mdp:', [...], false)
 5 APPPATH\Models\GsbModel.php(17): CodeIgniter\Database\BaseBuilder->get()
 6 APPPATH\Controllers\Connexion.php(52): App\Models\GsbModel->get_infos_utilisateur('lvillachane', 'jux7g')
 7 SYSTEMPATH\CodeIgniter.php(933): App\Controllers\Connexion->valider()
 8 SYSTEMPATH\CodeIgniter.php(507): CodeIgniter\CodeIgniter->runController(Object(App\Controllers\Connexion))
 9 SYSTEMPATH\CodeIgniter.php(354): CodeIgniter\CodeIgniter->handleRequest(null, Object(Config\Cache), false)
10 SYSTEMPATH\Boot.php(363): CodeIgniter\CodeIgniter->run()
11 SYSTEMPATH\Boot.php(68): CodeIgniter\Boot::runCodeIgniter(Object(CodeIgniter\CodeIgniter))
12 FCPATH\index.php(59): CodeIgniter\Boot::bootWeb(Object(Config\Paths))
13 SYSTEMPATH\rewrite.php(44): require_once('Z:\\BTS2\\Informatique\\AP\\PITON\\Mission 4\\GSBFrais-V2\\public\\index.php')
DEBUG - 2025-11-13 08:00:35 --> Session: Class initialized using 'CodeIgniter\Session\Handlers\FileHandler' driver.
DEBUG - 2025-11-13 08:00:35 --> Session: Class initialized using 'CodeIgniter\Session\Handlers\FileHandler' driver.
DEBUG - 2025-11-13 08:00:39 --> Session: Class initialized using 'CodeIgniter\Session\Handlers\FileHandler' driver.
DEBUG - 2025-11-13 08:00:41 --> Session: Class initialized using 'CodeIgniter\Session\Handlers\FileHandler' driver.
DEBUG - 2025-11-13 08:00:42 --> Session: Class initialized using 'CodeIgniter\Session\Handlers\FileHandler' driver.
DEBUG - 2025-11-13 08:00:42 --> Session: Class initialized using 'CodeIgniter\Session\Handlers\FileHandler' driver.
DEBUG - 2025-11-13 08:14:49 --> Session: Class initialized using 'CodeIgniter\Session\Handlers\FileHandler' driver.
DEBUG - 2025-11-13 08:20:48 --> Session: Class initialized using 'CodeIgniter\Session\Handlers\FileHandler' driver.
DEBUG - 2025-11-13 08:20:51 --> Session: Class initialized using 'CodeIgniter\Session\Handlers\FileHandler' driver.
DEBUG - 2025-11-13 08:20:51 --> Session: Class initialized using 'CodeIgniter\Session\Handlers\FileHandler' driver.
DEBUG - 2025-11-13 08:20:59 --> Session: Class initialized using 'CodeIgniter\Session\Handlers\FileHandler' driver.
DEBUG - 2025-11-13 08:21:00 --> Session: Class initialized using 'CodeIgniter\Session\Handlers\FileHandler' driver.
DEBUG - 2025-11-13 08:21:11 --> Session: Class initialized using 'CodeIgniter\Session\Handlers\FileHandler' driver.
DEBUG - 2025-11-13 08:21:16 --> Session: Class initialized using 'CodeIgniter\Session\Handlers\FileHandler' driver.
DEBUG - 2025-11-13 08:21:19 --> Session: Class initialized using 'CodeIgniter\Session\Handlers\FileHandler' driver.
DEBUG - 2025-11-13 08:21:21 --> Session: Class initialized using 'CodeIgniter\Session\Handlers\FileHandler' driver.
DEBUG - 2025-11-13 08:21:23 --> Session: Class initialized using 'CodeIgniter\Session\Handlers\FileHandler' driver.
DEBUG - 2025-11-13 08:40:22 --> Session: Class initialized using 'CodeIgniter\Session\Handlers\FileHandler' driver.
DEBUG - 2025-11-13 08:40:26 --> Session: Class initialized using 'CodeIgniter\Session\Handlers\FileHandler' driver.
DEBUG - 2025-11-13 08:40:27 --> Session: Class initialized using 'CodeIgniter\Session\Handlers\FileHandler' driver.
DEBUG - 2025-11-13 08:40:29 --> Session: Class initialized using 'CodeIgniter\Session\Handlers\FileHandler' driver.
DEBUG - 2025-11-13 08:40:32 --> Session: Class initialized using 'CodeIgniter\Session\Handlers\FileHandler' driver.
DEBUG - 2025-11-13 08:40:35 --> Session: Class initialized using 'CodeIgniter\Session\Handlers\FileHandler' driver.
